<?xml version="1.0" encoding="UTF-8"?>
<testng-results skipped="0" failed="0" total="1" passed="1">
  <reporter-output>
  </reporter-output>
  <suite name="Default suite" duration-ms="50" started-at="2019-12-30T16:28:28Z" finished-at="2019-12-30T16:28:29Z">
    <groups>
    </groups>
    <test name="Default test" duration-ms="50" started-at="2019-12-30T16:28:28Z" finished-at="2019-12-30T16:28:29Z">
      <class name="demo1.printinghii">
        <test-method status="PASS" signature="test1()[pri:0, instance:demo1.printinghii@174d20a]" name="test1" duration-ms="18" started-at="2019-12-30T21:58:29Z" finished-at="2019-12-30T21:58:29Z">
          <reporter-output>
          </reporter-output>
        </test-method> <!-- test1 -->
      </class> <!-- demo1.printinghii -->
    </test> <!-- Default test -->
  </suite> <!-- Default suite -->
</testng-results>
