<?xml version="1.0" encoding="UTF-8"?>
<testng-results skipped="0" failed="0" total="1" passed="1">
  <reporter-output>
  </reporter-output>
  <suite name="Default suite" duration-ms="146" started-at="2020-01-04T16:16:22Z" finished-at="2020-01-04T16:16:22Z">
    <groups>
    </groups>
    <test name="Default test" duration-ms="146" started-at="2020-01-04T16:16:22Z" finished-at="2020-01-04T16:16:22Z">
      <class name="demo1.printinghii">
        <test-method status="PASS" signature="test1()[pri:0, instance:demo1.printinghii@174d20a]" name="test1" duration-ms="70" started-at="2020-01-04T21:46:22Z" finished-at="2020-01-04T21:46:22Z">
          <reporter-output>
          </reporter-output>
        </test-method> <!-- test1 -->
      </class> <!-- demo1.printinghii -->
    </test> <!-- Default test -->
  </suite> <!-- Default suite -->
</testng-results>
